<?xml version="1.0" encoding="UTF-8"?>
<testng-results ignored="0" total="2" passed="2" failed="0" skipped="0">
  <reporter-output>
  </reporter-output>
  <suite started-at="2022-12-28T00:41:57 IST" name="Default suite" finished-at="2022-12-28T00:42:03 IST" duration-ms="6182">
    <groups>
    </groups>
    <test started-at="2022-12-28T00:41:57 IST" name="Default test" finished-at="2022-12-28T00:42:03 IST" duration-ms="6182">
      <class name="org.inmakestest.CalculatorExtendReportClass">
        <test-method is-config="true" signature="launchBrowser()[pri:0, instance:org.inmakestest.CalculatorExtendReportClass@5b239d7d]" started-at="2022-12-28T00:41:12 IST" name="launchBrowser" finished-at="2022-12-28T00:41:57 IST" duration-ms="44197" status="PASS">
          <reporter-output>
          </reporter-output>
        </test-method> <!-- launchBrowser -->
        <test-method signature="testCase1()[pri:1, instance:org.inmakestest.CalculatorExtendReportClass@5b239d7d]" started-at="2022-12-28T00:41:57 IST" name="testCase1" finished-at="2022-12-28T00:42:00 IST" duration-ms="3041" status="PASS">
          <reporter-output>
          </reporter-output>
        </test-method> <!-- testCase1 -->
        <test-method signature="testCase2()[pri:2, instance:org.inmakestest.CalculatorExtendReportClass@5b239d7d]" started-at="2022-12-28T00:42:00 IST" name="testCase2" finished-at="2022-12-28T00:42:03 IST" duration-ms="3017" status="PASS">
          <reporter-output>
          </reporter-output>
        </test-method> <!-- testCase2 -->
        <test-method is-config="true" signature="quitBrowser()[pri:0, instance:org.inmakestest.CalculatorExtendReportClass@5b239d7d]" started-at="2022-12-28T00:42:03 IST" name="quitBrowser" finished-at="2022-12-28T00:42:08 IST" duration-ms="4972" status="PASS">
          <reporter-output>
          </reporter-output>
        </test-method> <!-- quitBrowser -->
      </class> <!-- org.inmakestest.CalculatorExtendReportClass -->
    </test> <!-- Default test -->
  </suite> <!-- Default suite -->
</testng-results>
